2021-10-15 11:03:54,918 INFO com.mefunny.MeFunnyBootApplication [main] Starting MeFunnyBootApplication using Java 16.0.2 on Nidjo with PID 13516 (C:\Users\nikol\Documents\MeFunny\MeFunnyBoot\target\classes started by nikol in C:\Users\nikol\Documents\MeFunny\MeFunnyBoot)
2021-10-15 11:03:54,919 INFO com.mefunny.MeFunnyBootApplication [main] No active profile set, falling back to default profiles: default
2021-10-15 11:03:56,028 INFO org.apache.catalina.core.StandardService [main] Starting service [Tomcat]
2021-10-15 11:03:56,028 INFO org.apache.catalina.core.StandardEngine [main] Starting Servlet engine: [Apache Tomcat/9.0.53]
2021-10-15 11:03:56,106 INFO org.apache.catalina.core.ContainerBase.[Tomcat].[localhost].[/] [main] Initializing Spring embedded WebApplicationContext
2021-10-15 11:03:56,340 INFO org.hibernate.jpa.internal.util.LogHelper [main] HHH000204: Processing PersistenceUnitInfo [name: default]
2021-10-15 11:03:56,376 INFO org.hibernate.Version [main] HHH000412: Hibernate ORM core version 5.4.32.Final
2021-10-15 11:03:56,476 INFO org.hibernate.annotations.common.Version [main] HCANN000001: Hibernate Commons Annotations {5.1.2.Final}
2021-10-15 11:03:56,549 INFO com.zaxxer.hikari.HikariDataSource [main] HikariPool-1 - Starting...
2021-10-15 11:03:56,899 INFO com.zaxxer.hikari.HikariDataSource [main] HikariPool-1 - Start completed.
2021-10-15 11:03:56,923 INFO org.hibernate.dialect.Dialect [main] HHH000400: Using dialect: org.hibernate.dialect.MariaDB103Dialect
2021-10-15 11:03:57,580 INFO org.hibernate.engine.transaction.jta.platform.internal.JtaPlatformInitiator [main] HHH000490: Using JtaPlatform implementation: [org.hibernate.engine.transaction.jta.platform.internal.NoJtaPlatform]
2021-10-15 11:03:58,635 INFO com.mefunny.MeFunnyBootApplication [main] Started MeFunnyBootApplication in 3.99 seconds (JVM running for 4.586)
2021-10-15 11:04:55,370 INFO org.apache.catalina.core.ContainerBase.[Tomcat].[localhost].[/] [http-nio-8080-exec-1] Initializing Spring DispatcherServlet 'dispatcherServlet'
2021-10-15 11:06:37,267 INFO com.zaxxer.hikari.HikariDataSource [RMI TCP Connection(7)-127.0.0.1] HikariPool-1 - Shutdown initiated...
2021-10-15 11:06:37,302 INFO com.zaxxer.hikari.HikariDataSource [RMI TCP Connection(7)-127.0.0.1] HikariPool-1 - Shutdown completed.
2021-10-15 11:06:39,455 INFO com.mefunny.MeFunnyBootApplication [main] Starting MeFunnyBootApplication using Java 16.0.2 on Nidjo with PID 14276 (C:\Users\nikol\Documents\MeFunny\MeFunnyBoot\target\classes started by nikol in C:\Users\nikol\Documents\MeFunny\MeFunnyBoot)
2021-10-15 11:06:39,457 INFO com.mefunny.MeFunnyBootApplication [main] No active profile set, falling back to default profiles: default
2021-10-15 11:06:39,926 INFO com.mefunny.MeFunnyBootApplication [main] Starting MeFunnyBootApplication using Java 16.0.2 on Nidjo with PID 14068 (C:\Users\nikol\Documents\MeFunny\MeFunnyBoot\target\classes started by nikol in C:\Users\nikol\Documents\MeFunny\MeFunnyBoot)
2021-10-15 11:06:39,927 INFO com.mefunny.MeFunnyBootApplication [main] No active profile set, falling back to default profiles: default
2021-10-15 11:06:40,700 INFO org.apache.catalina.core.StandardService [main] Starting service [Tomcat]
2021-10-15 11:06:40,701 INFO org.apache.catalina.core.StandardEngine [main] Starting Servlet engine: [Apache Tomcat/9.0.53]
2021-10-15 11:06:40,785 INFO org.apache.catalina.core.ContainerBase.[Tomcat].[localhost].[/] [main] Initializing Spring embedded WebApplicationContext
2021-10-15 11:06:41,017 INFO org.hibernate.jpa.internal.util.LogHelper [main] HHH000204: Processing PersistenceUnitInfo [name: default]
2021-10-15 11:06:41,056 INFO org.hibernate.Version [main] HHH000412: Hibernate ORM core version 5.4.32.Final
2021-10-15 11:06:41,137 INFO org.apache.catalina.core.StandardService [main] Starting service [Tomcat]
2021-10-15 11:06:41,138 INFO org.apache.catalina.core.StandardEngine [main] Starting Servlet engine: [Apache Tomcat/9.0.53]
2021-10-15 11:06:41,152 INFO org.hibernate.annotations.common.Version [main] HCANN000001: Hibernate Commons Annotations {5.1.2.Final}
2021-10-15 11:06:41,224 INFO org.apache.catalina.core.ContainerBase.[Tomcat].[localhost].[/] [main] Initializing Spring embedded WebApplicationContext
2021-10-15 11:06:41,235 INFO com.zaxxer.hikari.HikariDataSource [main] HikariPool-1 - Starting...
2021-10-15 11:06:41,442 INFO org.hibernate.jpa.internal.util.LogHelper [main] HHH000204: Processing PersistenceUnitInfo [name: default]
2021-10-15 11:06:41,482 INFO org.hibernate.Version [main] HHH000412: Hibernate ORM core version 5.4.32.Final
2021-10-15 11:06:41,579 INFO org.hibernate.annotations.common.Version [main] HCANN000001: Hibernate Commons Annotations {5.1.2.Final}
2021-10-15 11:06:41,638 INFO com.zaxxer.hikari.HikariDataSource [main] HikariPool-1 - Start completed.
2021-10-15 11:06:41,650 INFO com.zaxxer.hikari.HikariDataSource [main] HikariPool-1 - Starting...
2021-10-15 11:06:41,661 INFO org.hibernate.dialect.Dialect [main] HHH000400: Using dialect: org.hibernate.dialect.MariaDB103Dialect
2021-10-15 11:06:41,970 INFO com.zaxxer.hikari.HikariDataSource [main] HikariPool-1 - Start completed.
2021-10-15 11:06:41,992 INFO org.hibernate.dialect.Dialect [main] HHH000400: Using dialect: org.hibernate.dialect.MariaDB103Dialect
2021-10-15 11:06:42,322 INFO org.hibernate.engine.transaction.jta.platform.internal.JtaPlatformInitiator [main] HHH000490: Using JtaPlatform implementation: [org.hibernate.engine.transaction.jta.platform.internal.NoJtaPlatform]
2021-10-15 11:06:42,676 INFO org.hibernate.engine.transaction.jta.platform.internal.JtaPlatformInitiator [main] HHH000490: Using JtaPlatform implementation: [org.hibernate.engine.transaction.jta.platform.internal.NoJtaPlatform]
2021-10-15 11:06:43,566 INFO com.mefunny.MeFunnyBootApplication [main] Started MeFunnyBootApplication in 4.404 seconds (JVM running for 4.925)
2021-10-15 11:06:43,840 INFO com.zaxxer.hikari.HikariDataSource [main] HikariPool-1 - Shutdown initiated...
2021-10-15 11:06:43,995 INFO com.zaxxer.hikari.HikariDataSource [main] HikariPool-1 - Shutdown completed.
2021-10-15 11:06:43,997 INFO org.apache.catalina.core.StandardService [main] Stopping service [Tomcat]
2021-10-15 11:06:44,020 ERROR org.springframework.boot.diagnostics.LoggingFailureAnalysisReporter [main] 

***************************
APPLICATION FAILED TO START
***************************

Description:

Web server failed to start. Port 8080 was already in use.

Action:

Identify and stop the process that's listening on port 8080 or configure this application to listen on another port.

2021-10-15 11:06:51,001 INFO com.zaxxer.hikari.HikariDataSource [RMI TCP Connection(2)-127.0.0.1] HikariPool-1 - Shutdown initiated...
2021-10-15 11:06:51,037 INFO com.zaxxer.hikari.HikariDataSource [RMI TCP Connection(2)-127.0.0.1] HikariPool-1 - Shutdown completed.
2021-10-15 11:06:55,447 INFO com.mefunny.MeFunnyBootApplication [main] Starting MeFunnyBootApplication using Java 16.0.2 on Nidjo with PID 11224 (C:\Users\nikol\Documents\MeFunny\MeFunnyBoot\target\classes started by nikol in C:\Users\nikol\Documents\MeFunny\MeFunnyBoot)
2021-10-15 11:06:55,450 INFO com.mefunny.MeFunnyBootApplication [main] No active profile set, falling back to default profiles: default
2021-10-15 11:06:56,515 INFO org.apache.catalina.core.StandardService [main] Starting service [Tomcat]
2021-10-15 11:06:56,515 INFO org.apache.catalina.core.StandardEngine [main] Starting Servlet engine: [Apache Tomcat/9.0.53]
2021-10-15 11:06:56,588 INFO org.apache.catalina.core.ContainerBase.[Tomcat].[localhost].[/] [main] Initializing Spring embedded WebApplicationContext
2021-10-15 11:06:56,784 INFO org.hibernate.jpa.internal.util.LogHelper [main] HHH000204: Processing PersistenceUnitInfo [name: default]
2021-10-15 11:06:56,816 INFO org.hibernate.Version [main] HHH000412: Hibernate ORM core version 5.4.32.Final
2021-10-15 11:06:56,908 INFO org.hibernate.annotations.common.Version [main] HCANN000001: Hibernate Commons Annotations {5.1.2.Final}
2021-10-15 11:06:56,977 INFO com.zaxxer.hikari.HikariDataSource [main] HikariPool-1 - Starting...
2021-10-15 11:06:57,353 INFO com.zaxxer.hikari.HikariDataSource [main] HikariPool-1 - Start completed.
2021-10-15 11:06:57,375 INFO org.hibernate.dialect.Dialect [main] HHH000400: Using dialect: org.hibernate.dialect.MariaDB103Dialect
2021-10-15 11:06:58,051 INFO org.hibernate.engine.transaction.jta.platform.internal.JtaPlatformInitiator [main] HHH000490: Using JtaPlatform implementation: [org.hibernate.engine.transaction.jta.platform.internal.NoJtaPlatform]
2021-10-15 11:06:59,106 INFO com.mefunny.MeFunnyBootApplication [main] Started MeFunnyBootApplication in 3.922 seconds (JVM running for 4.411)
2021-10-15 11:07:14,751 INFO org.apache.catalina.core.ContainerBase.[Tomcat].[localhost].[/] [http-nio-8080-exec-1] Initializing Spring DispatcherServlet 'dispatcherServlet'
2021-10-15 11:14:28,122 INFO com.zaxxer.hikari.HikariDataSource [RMI TCP Connection(11)-127.0.0.1] HikariPool-1 - Shutdown initiated...
2021-10-15 11:14:28,157 INFO com.zaxxer.hikari.HikariDataSource [RMI TCP Connection(11)-127.0.0.1] HikariPool-1 - Shutdown completed.
2021-10-15 11:14:30,319 INFO com.mefunny.MeFunnyBootApplication [main] Starting MeFunnyBootApplication using Java 16.0.2 on Nidjo with PID 13424 (C:\Users\nikol\Documents\MeFunny\MeFunnyBoot\target\classes started by nikol in C:\Users\nikol\Documents\MeFunny\MeFunnyBoot)
2021-10-15 11:14:30,321 INFO com.mefunny.MeFunnyBootApplication [main] No active profile set, falling back to default profiles: default
2021-10-15 11:14:31,458 INFO org.apache.catalina.core.StandardService [main] Starting service [Tomcat]
2021-10-15 11:14:31,458 INFO org.apache.catalina.core.StandardEngine [main] Starting Servlet engine: [Apache Tomcat/9.0.53]
2021-10-15 11:14:31,536 INFO org.apache.catalina.core.ContainerBase.[Tomcat].[localhost].[/] [main] Initializing Spring embedded WebApplicationContext
2021-10-15 11:14:31,739 INFO org.hibernate.jpa.internal.util.LogHelper [main] HHH000204: Processing PersistenceUnitInfo [name: default]
2021-10-15 11:14:31,773 INFO org.hibernate.Version [main] HHH000412: Hibernate ORM core version 5.4.32.Final
2021-10-15 11:14:31,872 INFO org.hibernate.annotations.common.Version [main] HCANN000001: Hibernate Commons Annotations {5.1.2.Final}
2021-10-15 11:14:31,944 INFO com.zaxxer.hikari.HikariDataSource [main] HikariPool-1 - Starting...
2021-10-15 11:14:32,301 INFO com.zaxxer.hikari.HikariDataSource [main] HikariPool-1 - Start completed.
2021-10-15 11:14:32,322 INFO org.hibernate.dialect.Dialect [main] HHH000400: Using dialect: org.hibernate.dialect.MariaDB103Dialect
2021-10-15 11:14:33,001 INFO org.hibernate.engine.transaction.jta.platform.internal.JtaPlatformInitiator [main] HHH000490: Using JtaPlatform implementation: [org.hibernate.engine.transaction.jta.platform.internal.NoJtaPlatform]
2021-10-15 11:14:34,062 INFO com.mefunny.MeFunnyBootApplication [main] Started MeFunnyBootApplication in 4.012 seconds (JVM running for 4.505)
2021-10-15 11:14:41,649 INFO org.apache.catalina.core.ContainerBase.[Tomcat].[localhost].[/] [http-nio-8080-exec-1] Initializing Spring DispatcherServlet 'dispatcherServlet'
2021-10-15 11:14:41,680 WARN com.mefunny.aspect.LoggingAspect [http-nio-8080-exec-1] Before Advice. The: findAll Controller method has been called.
2021-10-15 11:14:41,759 WARN com.mefunny.aspect.LoggingAspect [http-nio-8080-exec-1] Before Advice. The: findAll Service method has been called.
2021-10-15 11:14:41,889 WARN com.mefunny.aspect.LoggingAspect [http-nio-8080-exec-1] Return Advice. The: findAll Service method has returned.
2021-10-15 11:14:41,889 WARN com.mefunny.aspect.LoggingAspect [http-nio-8080-exec-1] After Advice. The: findAll Service method has been called.
2021-10-15 11:14:41,977 WARN com.mefunny.aspect.LoggingAspect [http-nio-8080-exec-1] Return Advice. The: findAll Controller method has returned.
2021-10-15 11:14:41,978 WARN com.mefunny.aspect.LoggingAspect [http-nio-8080-exec-1] After Advice. The: findAll Controller method has been called.
2021-10-15 11:14:43,701 WARN com.mefunny.aspect.LoggingAspect [http-nio-8080-exec-2] Before Advice. The: findAll Controller method has been called.
2021-10-15 11:14:43,775 WARN com.mefunny.aspect.LoggingAspect [http-nio-8080-exec-2] Before Advice. The: findAll Service method has been called.
2021-10-15 11:14:43,814 WARN com.mefunny.aspect.LoggingAspect [http-nio-8080-exec-2] Return Advice. The: findAll Service method has returned.
2021-10-15 11:14:43,814 WARN com.mefunny.aspect.LoggingAspect [http-nio-8080-exec-2] After Advice. The: findAll Service method has been called.
2021-10-15 11:14:43,889 WARN com.mefunny.aspect.LoggingAspect [http-nio-8080-exec-2] Return Advice. The: findAll Controller method has returned.
2021-10-15 11:14:43,889 WARN com.mefunny.aspect.LoggingAspect [http-nio-8080-exec-2] After Advice. The: findAll Controller method has been called.
2021-10-15 11:14:52,937 WARN com.mefunny.aspect.LoggingAspect [http-nio-8080-exec-4] Before Advice. The: findAll Controller method has been called.
2021-10-15 11:14:53,039 WARN com.mefunny.aspect.LoggingAspect [http-nio-8080-exec-4] Before Advice. The: findAll Service method has been called.
2021-10-15 11:14:53,081 WARN com.mefunny.aspect.LoggingAspect [http-nio-8080-exec-4] Return Advice. The: findAll Service method has returned.
2021-10-15 11:14:53,081 WARN com.mefunny.aspect.LoggingAspect [http-nio-8080-exec-4] After Advice. The: findAll Service method has been called.
2021-10-15 11:14:53,155 WARN com.mefunny.aspect.LoggingAspect [http-nio-8080-exec-4] Return Advice. The: findAll Controller method has returned.
2021-10-15 11:14:53,155 WARN com.mefunny.aspect.LoggingAspect [http-nio-8080-exec-4] After Advice. The: findAll Controller method has been called.
2021-10-15 11:14:53,935 WARN com.mefunny.aspect.LoggingAspect [http-nio-8080-exec-5] Before Advice. The: findAll Controller method has been called.
2021-10-15 11:14:54,009 WARN com.mefunny.aspect.LoggingAspect [http-nio-8080-exec-5] Before Advice. The: findAll Service method has been called.
2021-10-15 11:14:54,047 WARN com.mefunny.aspect.LoggingAspect [http-nio-8080-exec-5] Return Advice. The: findAll Service method has returned.
2021-10-15 11:14:54,047 WARN com.mefunny.aspect.LoggingAspect [http-nio-8080-exec-5] After Advice. The: findAll Service method has been called.
2021-10-15 11:14:54,122 WARN com.mefunny.aspect.LoggingAspect [http-nio-8080-exec-5] Return Advice. The: findAll Controller method has returned.
2021-10-15 11:14:54,122 WARN com.mefunny.aspect.LoggingAspect [http-nio-8080-exec-5] After Advice. The: findAll Controller method has been called.
2021-10-15 11:15:12,232 WARN com.mefunny.aspect.LoggingAspect [http-nio-8080-exec-6] Before Advice. The: findByUserName Controller method has been called.
2021-10-15 11:15:12,308 WARN com.mefunny.aspect.LoggingAspect [http-nio-8080-exec-6] Before Advice. The: findByUserName Service method has been called.
2021-10-15 11:15:12,357 WARN com.mefunny.aspect.LoggingAspect [http-nio-8080-exec-6] Return Advice. The: findByUserName Service method has returned.
2021-10-15 11:15:12,358 WARN com.mefunny.aspect.LoggingAspect [http-nio-8080-exec-6] After Advice. The: findByUserName Service method has been called.
2021-10-15 11:15:12,452 WARN com.mefunny.aspect.LoggingAspect [http-nio-8080-exec-6] Return Advice. The: findByUserName Controller method has returned.
2021-10-15 11:15:12,452 WARN com.mefunny.aspect.LoggingAspect [http-nio-8080-exec-6] After Advice. The: findByUserName Controller method has been called.
2021-10-15 11:15:25,143 INFO com.zaxxer.hikari.HikariDataSource [RMI TCP Connection(4)-127.0.0.1] HikariPool-1 - Shutdown initiated...
2021-10-15 11:15:25,179 INFO com.zaxxer.hikari.HikariDataSource [RMI TCP Connection(4)-127.0.0.1] HikariPool-1 - Shutdown completed.

2021-10-15 13:02:22,378 INFO com.mefunny.MeFunnyBootApplication [main] Starting MeFunnyBootApplication using Java 16.0.2 on DESKTOP-7DT9D6B with PID 20900 (D:\GitHubRepos\MeFunny\MeFunnyBoot\target\classes started by adyog in D:\GitHubRepos\MeFunny\MeFunnyBoot)
2021-10-15 13:02:22,380 INFO com.mefunny.MeFunnyBootApplication [main] No active profile set, falling back to default profiles: default
2021-10-15 13:02:23,676 INFO org.apache.catalina.core.StandardService [main] Starting service [Tomcat]
2021-10-15 13:02:23,676 INFO org.apache.catalina.core.StandardEngine [main] Starting Servlet engine: [Apache Tomcat/9.0.53]
2021-10-15 13:02:23,755 INFO org.apache.catalina.core.ContainerBase.[Tomcat].[localhost].[/] [main] Initializing Spring embedded WebApplicationContext
2021-10-15 13:02:23,984 INFO org.hibernate.jpa.internal.util.LogHelper [main] HHH000204: Processing PersistenceUnitInfo [name: default]
2021-10-15 13:02:24,023 INFO org.hibernate.Version [main] HHH000412: Hibernate ORM core version 5.4.32.Final
2021-10-15 13:02:24,121 INFO org.hibernate.annotations.common.Version [main] HCANN000001: Hibernate Commons Annotations {5.1.2.Final}
2021-10-15 13:02:24,198 INFO com.zaxxer.hikari.HikariDataSource [main] HikariPool-1 - Starting...
2021-10-15 13:03:30,752 INFO com.mefunny.MeFunnyBootApplication [main] Starting MeFunnyBootApplication using Java 16.0.2 on DESKTOP-7DT9D6B with PID 18912 (D:\GitHubRepos\MeFunny\MeFunnyBoot\target\classes started by adyog in D:\GitHubRepos\MeFunny\MeFunnyBoot)
2021-10-15 13:03:30,754 INFO com.mefunny.MeFunnyBootApplication [main] No active profile set, falling back to default profiles: default
2021-10-15 13:03:31,924 INFO org.apache.catalina.core.StandardService [main] Starting service [Tomcat]
2021-10-15 13:03:31,924 INFO org.apache.catalina.core.StandardEngine [main] Starting Servlet engine: [Apache Tomcat/9.0.53]
2021-10-15 13:03:32,005 INFO org.apache.catalina.core.ContainerBase.[Tomcat].[localhost].[/] [main] Initializing Spring embedded WebApplicationContext
2021-10-15 13:03:32,225 INFO org.hibernate.jpa.internal.util.LogHelper [main] HHH000204: Processing PersistenceUnitInfo [name: default]
2021-10-15 13:03:32,263 INFO org.hibernate.Version [main] HHH000412: Hibernate ORM core version 5.4.32.Final
2021-10-15 13:03:32,358 INFO org.hibernate.annotations.common.Version [main] HCANN000001: Hibernate Commons Annotations {5.1.2.Final}
2021-10-15 13:03:32,434 INFO com.zaxxer.hikari.HikariDataSource [main] HikariPool-1 - Starting...
2021-10-15 13:03:32,679 INFO com.zaxxer.hikari.HikariDataSource [main] HikariPool-1 - Start completed.
2021-10-15 13:03:32,702 INFO org.hibernate.dialect.Dialect [main] HHH000400: Using dialect: org.hibernate.dialect.MariaDB103Dialect
2021-10-15 13:03:33,269 INFO org.hibernate.engine.transaction.jta.platform.internal.JtaPlatformInitiator [main] HHH000490: Using JtaPlatform implementation: [org.hibernate.engine.transaction.jta.platform.internal.NoJtaPlatform]
2021-10-15 13:03:34,356 INFO com.mefunny.MeFunnyBootApplication [main] Started MeFunnyBootApplication in 3.882 seconds (JVM running for 4.476)
2021-10-15 13:03:35,187 INFO org.apache.catalina.core.ContainerBase.[Tomcat].[localhost].[/] [RMI TCP Connection(3)-127.0.0.1] Initializing Spring DispatcherServlet 'dispatcherServlet'
2021-10-15 13:03:47,769 INFO com.zaxxer.hikari.HikariDataSource [RMI TCP Connection(9)-127.0.0.1] HikariPool-1 - Shutdown initiated...
2021-10-15 13:03:47,802 INFO com.zaxxer.hikari.HikariDataSource [RMI TCP Connection(9)-127.0.0.1] HikariPool-1 - Shutdown completed.
2021-10-15 13:03:55,578 INFO com.mefunny.MeFunnyBootApplication [main] Starting MeFunnyBootApplication using Java 16.0.2 on DESKTOP-7DT9D6B with PID 20564 (D:\GitHubRepos\MeFunny\MeFunnyBoot\target\classes started by adyog in D:\GitHubRepos\MeFunny\MeFunnyBoot)
2021-10-15 13:03:55,581 INFO com.mefunny.MeFunnyBootApplication [main] No active profile set, falling back to default profiles: default
2021-10-15 13:03:56,736 INFO org.apache.catalina.core.StandardService [main] Starting service [Tomcat]
2021-10-15 13:03:56,736 INFO org.apache.catalina.core.StandardEngine [main] Starting Servlet engine: [Apache Tomcat/9.0.53]
2021-10-15 13:03:56,818 INFO org.apache.catalina.core.ContainerBase.[Tomcat].[localhost].[/] [main] Initializing Spring embedded WebApplicationContext
2021-10-15 13:03:57,028 INFO org.hibernate.jpa.internal.util.LogHelper [main] HHH000204: Processing PersistenceUnitInfo [name: default]
2021-10-15 13:03:57,067 INFO org.hibernate.Version [main] HHH000412: Hibernate ORM core version 5.4.32.Final
2021-10-15 13:03:57,168 INFO org.hibernate.annotations.common.Version [main] HCANN000001: Hibernate Commons Annotations {5.1.2.Final}
2021-10-15 13:03:57,246 INFO com.zaxxer.hikari.HikariDataSource [main] HikariPool-1 - Starting...
2021-10-15 13:03:57,500 INFO com.zaxxer.hikari.HikariDataSource [main] HikariPool-1 - Start completed.
2021-10-15 13:03:57,523 INFO org.hibernate.dialect.Dialect [main] HHH000400: Using dialect: org.hibernate.dialect.MariaDB103Dialect
2021-10-15 13:03:58,099 INFO org.hibernate.engine.transaction.jta.platform.internal.JtaPlatformInitiator [main] HHH000490: Using JtaPlatform implementation: [org.hibernate.engine.transaction.jta.platform.internal.NoJtaPlatform]
2021-10-15 13:03:59,193 INFO com.mefunny.MeFunnyBootApplication [main] Started MeFunnyBootApplication in 3.889 seconds (JVM running for 4.457)
2021-10-15 13:04:00,233 INFO org.apache.catalina.core.ContainerBase.[Tomcat].[localhost].[/] [RMI TCP Connection(3)-127.0.0.1] Initializing Spring DispatcherServlet 'dispatcherServlet'
2021-10-15 13:04:16,372 WARN com.mefunny.aspect.LoggingAspect [http-nio-8080-exec-1] Before Advice. The: findAll Controller method has been called.
2021-10-15 13:04:16,418 WARN com.mefunny.aspect.LoggingAspect [http-nio-8080-exec-1] Before Advice. The: findAll Service method has been called.
2021-10-15 13:04:16,541 WARN com.mefunny.aspect.LoggingAspect [http-nio-8080-exec-1] Return Advice. The: findAll Service method has returned.
2021-10-15 13:04:16,541 WARN com.mefunny.aspect.LoggingAspect [http-nio-8080-exec-1] After Advice. The: findAll Service method has been called.
2021-10-15 13:04:16,587 WARN com.mefunny.aspect.LoggingAspect [http-nio-8080-exec-1] Return Advice. The: findAll Controller method has returned.
2021-10-15 13:04:16,587 WARN com.mefunny.aspect.LoggingAspect [http-nio-8080-exec-1] After Advice. The: findAll Controller method has been called.
2021-10-15 13:05:26,245 INFO com.zaxxer.hikari.HikariDataSource [RMI TCP Connection(12)-127.0.0.1] HikariPool-1 - Shutdown initiated...
2021-10-15 13:05:26,279 INFO com.zaxxer.hikari.HikariDataSource [RMI TCP Connection(12)-127.0.0.1] HikariPool-1 - Shutdown completed.
2021-10-15 13:08:27,587 INFO com.mefunny.MeFunnyBootApplication [main] Starting MeFunnyBootApplication using Java 16.0.2 on DESKTOP-7DT9D6B with PID 20584 (D:\GitHubRepos\MeFunny\MeFunnyBoot\target\classes started by adyog in D:\GitHubRepos\MeFunny\MeFunnyBoot)
2021-10-15 13:08:27,588 INFO com.mefunny.MeFunnyBootApplication [main] No active profile set, falling back to default profiles: default
2021-10-15 13:08:28,767 INFO org.apache.catalina.core.StandardService [main] Starting service [Tomcat]
2021-10-15 13:08:28,767 INFO org.apache.catalina.core.StandardEngine [main] Starting Servlet engine: [Apache Tomcat/9.0.53]
2021-10-15 13:08:28,848 INFO org.apache.catalina.core.ContainerBase.[Tomcat].[localhost].[/] [main] Initializing Spring embedded WebApplicationContext
2021-10-15 13:08:29,059 INFO org.hibernate.jpa.internal.util.LogHelper [main] HHH000204: Processing PersistenceUnitInfo [name: default]
2021-10-15 13:08:29,097 INFO org.hibernate.Version [main] HHH000412: Hibernate ORM core version 5.4.32.Final
2021-10-15 13:08:29,195 INFO org.hibernate.annotations.common.Version [main] HCANN000001: Hibernate Commons Annotations {5.1.2.Final}
2021-10-15 13:08:29,271 INFO com.zaxxer.hikari.HikariDataSource [main] HikariPool-1 - Starting...
2021-10-15 13:08:29,492 INFO com.zaxxer.hikari.HikariDataSource [main] HikariPool-1 - Start completed.
2021-10-15 13:08:29,525 INFO org.hibernate.dialect.Dialect [main] HHH000400: Using dialect: org.hibernate.dialect.MariaDB103Dialect
2021-10-15 13:08:30,082 INFO org.hibernate.engine.transaction.jta.platform.internal.JtaPlatformInitiator [main] HHH000490: Using JtaPlatform implementation: [org.hibernate.engine.transaction.jta.platform.internal.NoJtaPlatform]
2021-10-15 13:08:31,239 INFO com.mefunny.MeFunnyBootApplication [main] Started MeFunnyBootApplication in 3.928 seconds (JVM running for 4.501)
2021-10-15 13:08:33,794 INFO org.apache.catalina.core.ContainerBase.[Tomcat].[localhost].[/] [RMI TCP Connection(3)-127.0.0.1] Initializing Spring DispatcherServlet 'dispatcherServlet'
2021-10-15 13:08:39,802 WARN com.mefunny.aspect.LoggingAspect [http-nio-8080-exec-1] Before Advice. The: findAll Controller method has been called.
2021-10-15 13:08:39,845 WARN com.mefunny.aspect.LoggingAspect [http-nio-8080-exec-1] Before Advice. The: findAll Service method has been called.
2021-10-15 13:08:39,960 WARN com.mefunny.aspect.LoggingAspect [http-nio-8080-exec-1] Return Advice. The: findAll Service method has returned.
2021-10-15 13:08:39,960 WARN com.mefunny.aspect.LoggingAspect [http-nio-8080-exec-1] After Advice. The: findAll Service method has been called.
2021-10-15 13:08:40,006 WARN com.mefunny.aspect.LoggingAspect [http-nio-8080-exec-1] Return Advice. The: findAll Controller method has returned.
2021-10-15 13:08:40,006 WARN com.mefunny.aspect.LoggingAspect [http-nio-8080-exec-1] After Advice. The: findAll Controller method has been called.
2021-10-15 13:09:25,331 INFO com.zaxxer.hikari.HikariDataSource [RMI TCP Connection(11)-127.0.0.1] HikariPool-1 - Shutdown initiated...
2021-10-15 13:09:25,369 INFO com.zaxxer.hikari.HikariDataSource [RMI TCP Connection(11)-127.0.0.1] HikariPool-1 - Shutdown completed.
2021-10-15 13:10:42,363 INFO com.mefunny.MeFunnyBootApplication [main] Starting MeFunnyBootApplication using Java 16.0.2 on DESKTOP-7DT9D6B with PID 20748 (D:\GitHubRepos\MeFunny\MeFunnyBoot\target\classes started by adyog in D:\GitHubRepos\MeFunny\MeFunnyBoot)
2021-10-15 13:10:42,364 INFO com.mefunny.MeFunnyBootApplication [main] No active profile set, falling back to default profiles: default
2021-10-15 13:10:43,535 INFO org.apache.catalina.core.StandardService [main] Starting service [Tomcat]
2021-10-15 13:10:43,535 INFO org.apache.catalina.core.StandardEngine [main] Starting Servlet engine: [Apache Tomcat/9.0.53]
2021-10-15 13:10:43,616 INFO org.apache.catalina.core.ContainerBase.[Tomcat].[localhost].[/] [main] Initializing Spring embedded WebApplicationContext
2021-10-15 13:10:43,828 INFO org.hibernate.jpa.internal.util.LogHelper [main] HHH000204: Processing PersistenceUnitInfo [name: default]
2021-10-15 13:10:43,867 INFO org.hibernate.Version [main] HHH000412: Hibernate ORM core version 5.4.32.Final
2021-10-15 13:10:43,965 INFO org.hibernate.annotations.common.Version [main] HCANN000001: Hibernate Commons Annotations {5.1.2.Final}
2021-10-15 13:10:44,042 INFO com.zaxxer.hikari.HikariDataSource [main] HikariPool-1 - Starting...
2021-10-15 13:10:44,276 INFO com.zaxxer.hikari.HikariDataSource [main] HikariPool-1 - Start completed.
2021-10-15 13:10:44,305 INFO org.hibernate.dialect.Dialect [main] HHH000400: Using dialect: org.hibernate.dialect.MariaDB103Dialect
2021-10-15 13:10:44,883 INFO org.hibernate.engine.transaction.jta.platform.internal.JtaPlatformInitiator [main] HHH000490: Using JtaPlatform implementation: [org.hibernate.engine.transaction.jta.platform.internal.NoJtaPlatform]
2021-10-15 13:10:45,988 INFO com.mefunny.MeFunnyBootApplication [main] Started MeFunnyBootApplication in 3.919 seconds (JVM running for 4.49)
2021-10-15 13:10:46,108 INFO org.apache.catalina.core.ContainerBase.[Tomcat].[localhost].[/] [RMI TCP Connection(3)-127.0.0.1] Initializing Spring DispatcherServlet 'dispatcherServlet'
2021-10-15 13:10:56,609 INFO com.zaxxer.hikari.HikariDataSource [RMI TCP Connection(9)-127.0.0.1] HikariPool-1 - Shutdown initiated...
2021-10-15 13:10:56,643 INFO com.zaxxer.hikari.HikariDataSource [RMI TCP Connection(9)-127.0.0.1] HikariPool-1 - Shutdown completed.
2021-10-15 13:12:17,465 INFO com.mefunny.MeFunnyBootApplication [main] Starting MeFunnyBootApplication using Java 16.0.2 on DESKTOP-7DT9D6B with PID 4552 (D:\GitHubRepos\MeFunny\MeFunnyBoot\target\classes started by adyog in D:\GitHubRepos\MeFunny\MeFunnyBoot)
2021-10-15 13:12:17,468 INFO com.mefunny.MeFunnyBootApplication [main] No active profile set, falling back to default profiles: default
2021-10-15 13:12:18,660 INFO org.apache.catalina.core.StandardService [main] Starting service [Tomcat]
2021-10-15 13:12:18,661 INFO org.apache.catalina.core.StandardEngine [main] Starting Servlet engine: [Apache Tomcat/9.0.53]
2021-10-15 13:12:18,739 INFO org.apache.catalina.core.ContainerBase.[Tomcat].[localhost].[/] [main] Initializing Spring embedded WebApplicationContext
2021-10-15 13:12:18,949 INFO org.hibernate.jpa.internal.util.LogHelper [main] HHH000204: Processing PersistenceUnitInfo [name: default]
2021-10-15 13:12:18,987 INFO org.hibernate.Version [main] HHH000412: Hibernate ORM core version 5.4.32.Final
2021-10-15 13:12:19,084 INFO org.hibernate.annotations.common.Version [main] HCANN000001: Hibernate Commons Annotations {5.1.2.Final}
2021-10-15 13:12:19,159 INFO com.zaxxer.hikari.HikariDataSource [main] HikariPool-1 - Starting...
2021-10-15 13:12:19,393 INFO com.zaxxer.hikari.HikariDataSource [main] HikariPool-1 - Start completed.
2021-10-15 13:12:19,416 INFO org.hibernate.dialect.Dialect [main] HHH000400: Using dialect: org.hibernate.dialect.MariaDB103Dialect
2021-10-15 13:12:19,966 INFO org.hibernate.engine.transaction.jta.platform.internal.JtaPlatformInitiator [main] HHH000490: Using JtaPlatform implementation: [org.hibernate.engine.transaction.jta.platform.internal.NoJtaPlatform]
2021-10-15 13:12:21,053 INFO com.mefunny.MeFunnyBootApplication [main] Started MeFunnyBootApplication in 3.884 seconds (JVM running for 4.441)
2021-10-15 13:12:21,311 INFO org.apache.catalina.core.ContainerBase.[Tomcat].[localhost].[/] [RMI TCP Connection(3)-127.0.0.1] Initializing Spring DispatcherServlet 'dispatcherServlet'
2021-10-15 13:12:56,072 WARN com.mefunny.aspect.LoggingAspect [http-nio-8080-exec-1] Before Advice. The: findAll Controller method has been called.
2021-10-15 13:12:56,118 WARN com.mefunny.aspect.LoggingAspect [http-nio-8080-exec-1] Before Advice. The: findAll Service method has been called.
2021-10-15 13:12:56,242 WARN com.mefunny.aspect.LoggingAspect [http-nio-8080-exec-1] Return Advice. The: findAll Service method has returned.
2021-10-15 13:12:56,242 WARN com.mefunny.aspect.LoggingAspect [http-nio-8080-exec-1] After Advice. The: findAll Service method has been called.
2021-10-15 13:12:56,291 WARN com.mefunny.aspect.LoggingAspect [http-nio-8080-exec-1] Return Advice. The: findAll Controller method has returned.
2021-10-15 13:12:56,292 WARN com.mefunny.aspect.LoggingAspect [http-nio-8080-exec-1] After Advice. The: findAll Controller method has been called.
2021-10-15 13:14:22,559 INFO com.zaxxer.hikari.HikariDataSource [RMI TCP Connection(11)-127.0.0.1] HikariPool-1 - Shutdown initiated...
2021-10-15 13:14:22,593 INFO com.zaxxer.hikari.HikariDataSource [RMI TCP Connection(11)-127.0.0.1] HikariPool-1 - Shutdown completed.

